TN:
SF:controller/tweet.js
FN:4,TweetController
FN:9,<instance_members_initializer>
FN:9,getTweets
FN:17,getTweet
FN:27,createTweet
FN:34,updateTweet
FN:49,deleteTweet
FNF:7
FNH:4
FNDA:3,TweetController
FNDA:3,<instance_members_initializer>
FNDA:2,getTweets
FNDA:0,getTweet
FNDA:1,createTweet
FNDA:0,updateTweet
FNDA:0,deleteTweet
DA:1,1
DA:2,1
DA:3,1
DA:4,1
DA:5,3
DA:6,3
DA:7,3
DA:8,1
DA:9,1
DA:10,2
DA:11,2
DA:12,1
DA:13,2
DA:14,2
DA:15,2
DA:16,3
DA:17,3
DA:18,0
DA:19,0
DA:20,0
DA:21,0
DA:22,0
DA:23,0
DA:24,0
DA:25,0
DA:26,3
DA:27,3
DA:28,1
DA:29,1
DA:30,1
DA:31,1
DA:32,1
DA:33,3
DA:34,3
DA:35,0
DA:36,0
DA:37,0
DA:38,0
DA:39,0
DA:40,0
DA:41,0
DA:42,0
DA:43,0
DA:44,0
DA:45,0
DA:46,0
DA:47,0
DA:48,3
DA:49,3
DA:50,0
DA:51,0
DA:52,0
DA:53,0
DA:54,0
DA:55,0
DA:56,0
DA:57,0
DA:58,0
DA:59,0
DA:60,0
DA:61,1
LF:61
LH:29
BRDA:4,0,0,3
BRDA:9,1,0,3
BRDA:9,2,0,2
BRDA:11,3,0,1
BRDA:11,4,0,1
BRDA:27,5,0,1
BRF:6
BRH:6
end_of_record
